Compiled jquery.js  (16ms)  (pid 3194)
Compiled jquery_ujs.js  (0ms)  (pid 3194)
Compiled home.js  (84ms)  (pid 3194)
Compiled application.js  (122ms)  (pid 3194)
Compiled bootstrap.css  (0ms)  (pid 3194)
Compiled home.css  (8ms)  (pid 3194)
Compiled tag.css  (0ms)  (pid 3194)
Compiled technology.css  (2ms)  (pid 3194)
Compiled application.css  (29ms)  (pid 3194)
Compiled jquery.js  (16ms)  (pid 3194)
Compiled jquery_ujs.js  (0ms)  (pid 3194)
Compiled home.js  (68ms)  (pid 3194)
Compiled application.js  (119ms)  (pid 3194)
Compiled bootstrap.css  (0ms)  (pid 3194)
Compiled home.css  (6ms)  (pid 3194)
Compiled tag.css  (0ms)  (pid 3194)
Compiled technology.css  (2ms)  (pid 3194)
Compiled application.css  (24ms)  (pid 3194)
Compiled jquery.js  (1ms)  (pid 4550)
Compiled jquery_ujs.js  (0ms)  (pid 4550)
Compiled home.js  (68ms)  (pid 4550)
Compiled application.js  (90ms)  (pid 4550)
Compiled bootstrap.css  (0ms)  (pid 4550)
Compiled home.css  (7ms)  (pid 4550)
Compiled tag.css  (0ms)  (pid 4550)
Compiled technology.css  (5ms)  (pid 4550)
Compiled application.css  (30ms)  (pid 4550)
Compiled jquery.js  (1ms)  (pid 4550)
Compiled jquery_ujs.js  (0ms)  (pid 4550)
Compiled home.js  (70ms)  (pid 4550)
Compiled application.js  (89ms)  (pid 4550)
Compiled bootstrap.css  (0ms)  (pid 4550)
Compiled home.css  (6ms)  (pid 4550)
Compiled tag.css  (0ms)  (pid 4550)
Compiled technology.css  (3ms)  (pid 4550)
Compiled application.css  (25ms)  (pid 4550)
Compiled jquery.js  (1ms)  (pid 4568)
Compiled jquery_ujs.js  (0ms)  (pid 4568)
Compiled home.js  (76ms)  (pid 4568)
Compiled application.js  (95ms)  (pid 4568)
Compiled bootstrap.css  (0ms)  (pid 4568)
Compiled home.css  (6ms)  (pid 4568)
Compiled tag.css  (1ms)  (pid 4568)
Compiled technology.css  (4ms)  (pid 4568)
Compiled application.css  (30ms)  (pid 4568)
Compiled jquery.js  (1ms)  (pid 4568)
Compiled jquery_ujs.js  (0ms)  (pid 4568)
Compiled home.js  (72ms)  (pid 4568)
Compiled application.js  (90ms)  (pid 4568)
Compiled bootstrap.css  (0ms)  (pid 4568)
Compiled home.css  (6ms)  (pid 4568)
Compiled tag.css  (0ms)  (pid 4568)
Compiled technology.css  (3ms)  (pid 4568)
Compiled application.css  (25ms)  (pid 4568)
Compiled jquery.js  (1ms)  (pid 4621)
Compiled jquery_ujs.js  (0ms)  (pid 4621)
Compiled home.js  (72ms)  (pid 4621)
Compiled application.js  (93ms)  (pid 4621)
Compiled bootstrap.css  (0ms)  (pid 4621)
Compiled home.css  (8ms)  (pid 4621)
Compiled tag.css  (0ms)  (pid 4621)
Compiled technology.css  (4ms)  (pid 4621)
Compiled application.css  (30ms)  (pid 4621)
Compiled jquery.js  (1ms)  (pid 4621)
Compiled jquery_ujs.js  (0ms)  (pid 4621)
Compiled home.js  (72ms)  (pid 4621)
Compiled application.js  (92ms)  (pid 4621)
Compiled bootstrap.css  (0ms)  (pid 4621)
Compiled home.css  (7ms)  (pid 4621)
Compiled tag.css  (0ms)  (pid 4621)
Compiled technology.css  (6ms)  (pid 4621)
Compiled application.css  (34ms)  (pid 4621)
Compiled jquery.js  (1ms)  (pid 4797)
Compiled jquery_ujs.js  (0ms)  (pid 4797)
Compiled home.js  (69ms)  (pid 4797)
Compiled application.js  (89ms)  (pid 4797)
Compiled bootstrap.css  (0ms)  (pid 4797)
Compiled home.css  (7ms)  (pid 4797)
Compiled tag.css  (0ms)  (pid 4797)
Compiled technology.css  (4ms)  (pid 4797)
Compiled application.css  (30ms)  (pid 4797)
Compiled jquery.js  (2ms)  (pid 4797)
Compiled jquery_ujs.js  (0ms)  (pid 4797)
Compiled home.js  (72ms)  (pid 4797)
Compiled application.js  (91ms)  (pid 4797)
Compiled bootstrap.css  (0ms)  (pid 4797)
Compiled home.css  (9ms)  (pid 4797)
Compiled tag.css  (0ms)  (pid 4797)
Compiled technology.css  (4ms)  (pid 4797)
Compiled application.css  (32ms)  (pid 4797)
Compiled jquery.js  (1ms)  (pid 4809)
Compiled jquery_ujs.js  (0ms)  (pid 4809)
Compiled home.js  (66ms)  (pid 4809)
Compiled application.js  (88ms)  (pid 4809)
Compiled bootstrap.css  (0ms)  (pid 4809)
Compiled home.css  (8ms)  (pid 4809)
Compiled tag.css  (1ms)  (pid 4809)
Compiled technology.css  (4ms)  (pid 4809)
Compiled application.css  (32ms)  (pid 4809)
Compiled jquery.js  (1ms)  (pid 4809)
Compiled jquery_ujs.js  (0ms)  (pid 4809)
Compiled home.js  (68ms)  (pid 4809)
Compiled application.js  (87ms)  (pid 4809)
Compiled bootstrap.css  (0ms)  (pid 4809)
Compiled home.css  (7ms)  (pid 4809)
Compiled tag.css  (0ms)  (pid 4809)
Compiled technology.css  (6ms)  (pid 4809)
Compiled application.css  (32ms)  (pid 4809)
Connecting to database specified by database.yml
Connecting to database specified by database.yml
